<?xml version="1.0" encoding="UTF-8"?>
<!-- Generated by org.testng.reporters.JUnitXMLReporter -->
<testsuite hostname="DESKTOP-C7SRO4S" ignored="1" name="Default test" tests="1" failures="0" timestamp="13 May 2020 10:50:08 GMT" time="4.184" errors="0">
  <testcase name="loginTestCase" time="4.139" classname="com.w2aTestCases.LoginTest"/>
  <testcase name="@BeforeSuite SetupMethod" time="0.0" classname="com.w2a.Base.TestBase">
    <ignored/>
  </testcase> <!-- @BeforeSuite SetupMethod -->
</testsuite> <!-- Default test -->
