<?xml version="1.0" encoding="UTF-8"?>
<!-- Generated by org.testng.reporters.JUnitXMLReporter -->
<testsuite hostname="DESKTOP-C7SRO4S" ignored="0" name="Test" tests="1" failures="1" timestamp="13 May 2020 07:38:08 GMT" time="0.028" errors="0">
  <testcase name="loginTestCase" time="0.0" classname="com.w2aTestCases.LoginTest">
    <failure type="org.testng.TestNGException" message="
Data Provider public java.lang.Object[][] com.w2aTestCases.LoginTest.getData() returned a null value">
      <![CDATA[org.testng.TestNGException: 
Data Provider public java.lang.Object[][] com.w2aTestCases.LoginTest.getData() returned a null value
... Removed 22 stack frames]]>
    </failure>
  </testcase> <!-- loginTestCase -->
</testsuite> <!-- Test -->
