<?xml version="1.0" encoding="UTF-8"?>
<testng-results skipped="0" failed="0" ignored="1" total="2" passed="1">
  <reporter-output>
    <line>
      <![CDATA[click on submit]]>
    </line>
  </reporter-output>
  <suite name="Default suite" duration-ms="4184" started-at="2020-05-13T10:50:04Z" finished-at="2020-05-13T10:50:08Z">
    <groups>
    </groups>
    <test name="Default test" duration-ms="4184" started-at="2020-05-13T10:50:04Z" finished-at="2020-05-13T10:50:08Z">
      <class name="com.w2aTestCases.LoginTest">
        <test-method status="PASS" signature="SetupMethod()[pri:0, instance:com.w2aTestCases.LoginTest@553f17c]" name="SetupMethod" is-config="true" duration-ms="18495" started-at="2020-05-13T10:49:46Z" finished-at="2020-05-13T10:50:04Z">
          <reporter-output>
          </reporter-output>
        </test-method> <!-- SetupMethod -->
        <test-method status="PASS" signature="loginTestCase()[pri:0, instance:com.w2aTestCases.LoginTest@553f17c]" name="loginTestCase" duration-ms="4139" started-at="2020-05-13T10:50:04Z" finished-at="2020-05-13T10:50:08Z">
          <reporter-output>
            <line>
              <![CDATA[click on submit]]>
            </line>
          </reporter-output>
        </test-method> <!-- loginTestCase -->
      </class> <!-- com.w2aTestCases.LoginTest -->
    </test> <!-- Default test -->
  </suite> <!-- Default suite -->
</testng-results>
